Arguments: 
  /home/alex/.nvm/versions/node/v14.0.0/bin/node /home/alex/.nvm/versions/node/v14.0.0/bin/yarn add -D nodemon

PATH: 
  /home/alex/.sdkman/candidates/java/current/bin:/home/alex/.nvm/versions/node/v14.0.0/bin:/usr/local/sbin:/usr/local/bin:/usr/sbin:/usr/bin:/sbin:/bin:/usr/games:/usr/local/games:/snap/bin

Yarn version: 
  1.22.10

Node version: 
  14.0.0

Platform: 
  linux x64

Trace: 
  SyntaxError: /home/alex/Documents/project/server/package.json: Unexpected string in JSON at position 222
      at JSON.parse (<anonymous>)
      at /home/alex/.nvm/versions/node/v14.0.0/lib/node_modules/yarn/lib/cli.js:1625:59
      at Generator.next (<anonymous>)
      at step (/home/alex/.nvm/versions/node/v14.0.0/lib/node_modules/yarn/lib/cli.js:310:30)
      at /home/alex/.nvm/versions/node/v14.0.0/lib/node_modules/yarn/lib/cli.js:321:13

npm manifest: 
  {
    "name": "server",
    "version": "1.0.0",
    "description": "",
    "main": "index.js",
    "scripts": {
      "test": "echo \"Error: no test specified\" && exit 1",
      "watch": "tsc -w",
      "start": "node dist/index.js"
      "dev": "nodemon "
    },
    "keywords": [],
    "author": "",
    "license": "ISC",
    "devDependencies": {
      "@types/node": "^15.6.1",
      "typescript": "^4.3.2"
    }
  }

yarn manifest: 
  No manifest

Lockfile: 
  # THIS IS AN AUTOGENERATED FILE. DO NOT EDIT THIS FILE DIRECTLY.
  # yarn lockfile v1
  
  
  "@types/node@^15.6.1":
    version "15.6.1"
    resolved "https://registry.yarnpkg.com/@types/node/-/node-15.6.1.tgz#32d43390d5c62c5b6ec486a9bc9c59544de39a08"
    integrity sha512-7EIraBEyRHEe7CH+Fm1XvgqU6uwZN8Q7jppJGcqjROMT29qhAuuOxYB1uEY5UMYQKEmA5D+5tBnhdaPXSsLONA==
  
  typescript@^4.3.2:
    version "4.3.2"
    resolved "https://registry.yarnpkg.com/typescript/-/typescript-4.3.2.tgz#399ab18aac45802d6f2498de5054fcbbe716a805"
    integrity sha512-zZ4hShnmnoVnAHpVHWpTcxdv7dWP60S2FsydQLV8V5PbS3FifjWFFRiHSWpDJahly88PRyV5teTSLoq4eG7mKw==
